<?xml version="1.0" encoding="UTF-8"?>
<!-- Generated by org.testng.reporters.JUnitReportReporter -->
<testsuite skipped="0" hostname="newusers-MacBook-Pro.local" name="tests.ExpectedException" tests="1" failures="0" timestamp="2020-08-15T11:55:29 EDT" time="0.010" errors="0">
  <testcase name="loginTest" time="0.010" classname="tests.ExpectedException"/>
  <system-out/>
</testsuite> <!-- tests.ExpectedException -->
