<?xml version="1.0" encoding="UTF-8"?>
<!-- Generated by org.testng.reporters.JUnitReportReporter -->
<testsuite skipped="0" hostname="newusers-MacBook-Pro.local" name="tests.LoginPagePFTest" tests="1" failures="0" timestamp="2020-08-15T11:15:19 EDT" time="8.963" errors="0">
  <testcase name="loginTest" time="8.963" classname="tests.LoginPagePFTest"/>
  <system-out/>
</testsuite> <!-- tests.LoginPagePFTest -->
