<?xml version="1.0" encoding="UTF-8"?>
<!-- Generated by org.testng.reporters.JUnitReportReporter -->
<testsuite skipped="0" hostname="newusers-MacBook-Pro.local" name="tests.Invocation" tests="8" failures="0" timestamp="2020-08-15T11:44:58 EDT" time="0.024" errors="0">
  <testcase name="createUserTest" time="0.005" classname="tests.Invocation"/>
  <system-out/>
  <testcase name="createUserTest" time="0.008" classname="tests.Invocation"/>
  <system-out/>
  <testcase name="createUserTest2" time="0.001" classname="tests.Invocation"/>
  <system-out/>
  <testcase name="createUserTest" time="0.002" classname="tests.Invocation"/>
  <system-out/>
  <testcase name="createUserTest2" time="0.002" classname="tests.Invocation"/>
  <system-out/>
  <testcase name="createUserTest2" time="0.002" classname="tests.Invocation"/>
  <system-out/>
  <testcase name="createUserTest2" time="0.002" classname="tests.Invocation"/>
  <system-out/>
  <testcase name="createUserTest2" time="0.002" classname="tests.Invocation"/>
  <system-out/>
</testsuite> <!-- tests.Invocation -->
