<?xml version="1.0" encoding="UTF-8"?>
<!-- Generated by org.testng.reporters.JUnitReportReporter -->
<testsuite skipped="0" hostname="newusers-MacBook-Pro.local" name="tests.DependsOnMethod" tests="3" failures="0" timestamp="2020-08-15T11:27:32 EDT" time="0.016" errors="0">
  <testcase name="loginTest" time="0.008" classname="tests.DependsOnMethod"/>
  <system-out/>
  <testcase name="homePageTest" time="0.005" classname="tests.DependsOnMethod"/>
  <system-out/>
  <testcase name="searchPageTest" time="0.003" classname="tests.DependsOnMethod"/>
  <system-out/>
</testsuite> <!-- tests.DependsOnMethod -->
