<?xml version="1.0" encoding="UTF-8"?>
<!-- Generated by org.testng.reporters.JUnitReportReporter -->
<testsuite skipped="0" hostname="newusers-MacBook-Pro.local" name="tests.Enabled" tests="4" failures="0" timestamp="2020-08-15T11:39:24 EDT" time="0.016" errors="0">
  <testcase name="aTest" time="0.009" classname="tests.Enabled"/>
  <system-out/>
  <testcase name="cTest" time="0.002" classname="tests.Enabled"/>
  <system-out/>
  <testcase name="bTest" time="0.003" classname="tests.Enabled"/>
  <system-out/>
  <testcase name="dTest" time="0.002" classname="tests.Enabled"/>
  <system-out/>
</testsuite> <!-- tests.Enabled -->
